{"C:\\Users\\User\\Documents\\Visual Studio 2017\\Projects\\CampaignIntelligence\\CampaignIntelligence\\Content\\homeworks\\src\\js\\core\\utils\\prototype.js":{"path":"C:\\Users\\User\\Documents\\Visual Studio 2017\\Projects\\CampaignIntelligence\\CampaignIntelligence\\Content\\homeworks\\src\\js\\core\\utils\\prototype.js","s":{"1":1,"2":1,"3":1,"4":7,"5":7,"6":14,"7":14,"8":14,"9":14,"10":7,"11":1,"12":2,"13":2,"14":0,"15":2,"16":4,"17":4,"18":4,"19":2,"20":1,"21":5,"22":5,"23":5,"24":5,"25":5,"26":5,"27":5,"28":5,"29":5,"30":1,"31":4,"32":4,"33":0,"34":4,"35":5,"36":1,"37":0,"38":0,"39":0},"b":{"1":[0,2],"2":[2,2,2],"3":[1,4],"4":[4,0],"5":[0,4],"6":[1,4],"7":[0,0]},"f":{"1":1,"2":7,"3":2,"4":5,"5":5,"6":5},"fnMap":{"1":{"name":"(anonymous_1)","line":1,"loc":{"start":{"line":1,"column":1},"end":{"line":1,"column":39}}},"2":{"name":"(anonymous_2)","line":6,"loc":{"start":{"line":6,"column":28},"end":{"line":6,"column":44}}},"3":{"name":"(anonymous_3)","line":22,"loc":{"start":{"line":22,"column":27},"end":{"line":22,"column":43}}},"4":{"name":"(anonymous_4)","line":41,"loc":{"start":{"line":41,"column":27},"end":{"line":41,"column":64}}},"5":{"name":"(anonymous_5)","line":45,"loc":{"start":{"line":45,"column":32},"end":{"line":45,"column":43}}},"6":{"name":"(anonymous_6)","line":51,"loc":{"start":{"line":51,"column":22},"end":{"line":51,"column":34}}}},"statementMap":{"1":{"start":{"line":1,"column":0},"end":{"line":81,"column":73}},"2":{"start":{"line":1,"column":41},"end":{"line":80,"column":3}},"3":{"start":{"line":6,"column":1},"end":{"line":16,"column":3}},"4":{"start":{"line":7,"column":5},"end":{"line":7,"column":23}},"5":{"start":{"line":8,"column":5},"end":{"line":14,"column":6}},"6":{"start":{"line":9,"column":9},"end":{"line":9,"column":31}},"7":{"start":{"line":10,"column":9},"end":{"line":11,"column":41}},"8":{"start":{"line":12,"column":9},"end":{"line":12,"column":60}},"9":{"start":{"line":13,"column":9},"end":{"line":13,"column":48}},"10":{"start":{"line":15,"column":5},"end":{"line":15,"column":30}},"11":{"start":{"line":22,"column":1},"end":{"line":35,"column":3}},"12":{"start":{"line":23,"column":5},"end":{"line":23,"column":23}},"13":{"start":{"line":25,"column":5},"end":{"line":27,"column":6}},"14":{"start":{"line":26,"column":9},"end":{"line":26,"column":23}},"15":{"start":{"line":29,"column":5},"end":{"line":33,"column":6}},"16":{"start":{"line":30,"column":9},"end":{"line":30,"column":31}},"17":{"start":{"line":31,"column":9},"end":{"line":31,"column":59}},"18":{"start":{"line":32,"column":9},"end":{"line":32,"column":48}},"19":{"start":{"line":34,"column":5},"end":{"line":34,"column":30}},"20":{"start":{"line":41,"column":1},"end":{"line":79,"column":3}},"21":{"start":{"line":42,"column":5},"end":{"line":42,"column":24}},"22":{"start":{"line":44,"column":5},"end":{"line":78,"column":6}},"23":{"start":{"line":45,"column":9},"end":{"line":71,"column":12}},"24":{"start":{"line":46,"column":13},"end":{"line":46,"column":84}},"25":{"start":{"line":48,"column":13},"end":{"line":66,"column":16}},"26":{"start":{"line":52,"column":17},"end":{"line":52,"column":39}},"27":{"start":{"line":53,"column":17},"end":{"line":53,"column":50}},"28":{"start":{"line":54,"column":17},"end":{"line":54,"column":54}},"29":{"start":{"line":56,"column":17},"end":{"line":57,"column":33}},"30":{"start":{"line":57,"column":21},"end":{"line":57,"column":33}},"31":{"start":{"line":59,"column":17},"end":{"line":65,"column":18}},"32":{"start":{"line":60,"column":21},"end":{"line":64,"column":22}},"33":{"start":{"line":61,"column":25},"end":{"line":61,"column":67}},"34":{"start":{"line":63,"column":25},"end":{"line":63,"column":72}},"35":{"start":{"line":68,"column":16},"end":{"line":70,"column":17}},"36":{"start":{"line":69,"column":20},"end":{"line":69,"column":36}},"37":{"start":{"line":73,"column":9},"end":{"line":73,"column":32}},"38":{"start":{"line":75,"column":12},"end":{"line":77,"column":13}},"39":{"start":{"line":76,"column":16},"end":{"line":76,"column":28}}},"branchMap":{"1":{"line":25,"type":"if","locations":[{"start":{"line":25,"column":5},"end":{"line":25,"column":5}},{"start":{"line":25,"column":5},"end":{"line":25,"column":5}}]},"2":{"line":25,"type":"binary-expr","locations":[{"start":{"line":25,"column":8},"end":{"line":25,"column":35}},{"start":{"line":25,"column":39},"end":{"line":25,"column":59}},{"start":{"line":25,"column":63},"end":{"line":25,"column":87}}]},"3":{"line":56,"type":"if","locations":[{"start":{"line":56,"column":17},"end":{"line":56,"column":17}},{"start":{"line":56,"column":17},"end":{"line":56,"column":17}}]},"4":{"line":59,"type":"if","locations":[{"start":{"line":59,"column":17},"end":{"line":59,"column":17}},{"start":{"line":59,"column":17},"end":{"line":59,"column":17}}]},"5":{"line":60,"type":"if","locations":[{"start":{"line":60,"column":21},"end":{"line":60,"column":21}},{"start":{"line":60,"column":21},"end":{"line":60,"column":21}}]},"6":{"line":68,"type":"if","locations":[{"start":{"line":68,"column":16},"end":{"line":68,"column":16}},{"start":{"line":68,"column":16},"end":{"line":68,"column":16}}]},"7":{"line":75,"type":"if","locations":[{"start":{"line":75,"column":12},"end":{"line":75,"column":12}},{"start":{"line":75,"column":12},"end":{"line":75,"column":12}}]}}},"C:\\Users\\User\\Documents\\Visual Studio 2017\\Projects\\CampaignIntelligence\\CampaignIntelligence\\Content\\homeworks\\src\\js\\core\\models\\index.js":{"path":"C:\\Users\\User\\Documents\\Visual Studio 2017\\Projects\\CampaignIntelligence\\CampaignIntelligence\\Content\\homeworks\\src\\js\\core\\models\\index.js","s":{"1":1,"2":1,"3":1,"4":1,"5":1,"6":0,"7":1},"b":{"1":[0,1]},"f":{"1":1},"fnMap":{"1":{"name":"(anonymous_1)","line":1,"loc":{"start":{"line":1,"column":1},"end":{"line":1,"column":39}}}},"statementMap":{"1":{"start":{"line":1,"column":0},"end":{"line":20,"column":73}},"2":{"start":{"line":1,"column":41},"end":{"line":19,"column":3}},"3":{"start":{"line":2,"column":4},"end":{"line":2,"column":39}},"4":{"start":{"line":4,"column":4},"end":{"line":12,"column":6}},"5":{"start":{"line":14,"column":4},"end":{"line":16,"column":5}},"6":{"start":{"line":15,"column":8},"end":{"line":15,"column":59}},"7":{"start":{"line":18,"column":4},"end":{"line":18,"column":27}}},"branchMap":{"1":{"line":14,"type":"if","locations":[{"start":{"line":14,"column":4},"end":{"line":14,"column":4}},{"start":{"line":14,"column":4},"end":{"line":14,"column":4}}]}}},"C:\\Users\\User\\Documents\\Visual Studio 2017\\Projects\\CampaignIntelligence\\CampaignIntelligence\\Content\\homeworks\\src\\js\\core\\utils\\method.js":{"path":"C:\\Users\\User\\Documents\\Visual Studio 2017\\Projects\\CampaignIntelligence\\CampaignIntelligence\\Content\\homeworks\\src\\js\\core\\utils\\method.js","s":{"1":1,"2":1,"3":1,"4":1,"5":1,"6":1,"7":1,"8":1,"9":1,"10":1,"11":1,"12":1,"13":1,"14":1,"15":1,"16":1,"17":1,"18":1,"19":1,"20":1,"21":1,"22":1,"23":1,"24":1,"25":1,"26":1,"27":1,"28":1,"29":1,"30":1,"31":1,"32":1,"33":1,"34":1,"35":1,"36":1,"37":0,"38":0,"39":0,"40":0,"41":0,"42":0,"43":0,"44":0,"45":0,"46":0,"47":1,"48":1,"49":0,"50":0,"51":0,"52":0,"53":0,"54":0,"55":0,"56":0,"57":0,"58":1,"59":1,"60":1,"61":1,"62":1,"63":1,"64":1,"65":1,"66":1,"67":1,"68":1,"69":1,"70":1,"71":1,"72":0,"73":0,"74":0,"75":0,"76":0,"77":0,"78":0,"79":0,"80":0,"81":0,"82":0,"83":0,"84":0,"85":0,"86":0,"87":0,"88":0,"89":0,"90":0,"91":0,"92":1},"b":{"1":[1,0],"2":[1,1],"3":[1,0],"4":[1,0],"5":[1,0],"6":[1,0],"7":[1,1],"8":[1,0],"9":[1,0],"10":[0,0],"11":[0,0],"12":[0,0],"13":[0,1],"14":[1,1],"15":[0,0],"16":[0,0],"17":[1,0],"18":[1,0],"19":[0,1],"20":[0,0],"21":[0,0],"22":[0,0],"23":[0,0]},"f":{"1":1,"2":1,"3":1,"4":1,"5":1,"6":1,"7":1,"8":0,"9":0},"fnMap":{"1":{"name":"(anonymous_1)","line":1,"loc":{"start":{"line":1,"column":1},"end":{"line":1,"column":39}}},"2":{"name":"(anonymous_2)","line":16,"loc":{"start":{"line":16,"column":19},"end":{"line":16,"column":44}}},"3":{"name":"(anonymous_3)","line":72,"loc":{"start":{"line":72,"column":21},"end":{"line":72,"column":41}}},"4":{"name":"(anonymous_4)","line":76,"loc":{"start":{"line":76,"column":61},"end":{"line":76,"column":77}}},"5":{"name":"(anonymous_5)","line":81,"loc":{"start":{"line":81,"column":32},"end":{"line":81,"column":58}}},"6":{"name":"(anonymous_6)","line":180,"loc":{"start":{"line":180,"column":17},"end":{"line":180,"column":29}}},"7":{"name":"(anonymous_7)","line":182,"loc":{"start":{"line":182,"column":35},"end":{"line":182,"column":47}}},"8":{"name":"(anonymous_8)","line":197,"loc":{"start":{"line":197,"column":25},"end":{"line":197,"column":37}}},"9":{"name":"(anonymous_9)","line":200,"loc":{"start":{"line":200,"column":48},"end":{"line":200,"column":60}}}},"statementMap":{"1":{"start":{"line":1,"column":0},"end":{"line":244,"column":73}},"2":{"start":{"line":5,"column":1},"end":{"line":243,"column":4}},"3":{"start":{"line":16,"column":4},"end":{"line":241,"column":6}},"4":{"start":{"line":21,"column":8},"end":{"line":21,"column":27}},"5":{"start":{"line":23,"column":8},"end":{"line":23,"column":61}},"6":{"start":{"line":25,"column":8},"end":{"line":27,"column":9}},"7":{"start":{"line":26,"column":12},"end":{"line":26,"column":64}},"8":{"start":{"line":33,"column":8},"end":{"line":33,"column":34}},"9":{"start":{"line":39,"column":8},"end":{"line":41,"column":10}},"10":{"start":{"line":47,"column":8},"end":{"line":48,"column":10}},"11":{"start":{"line":54,"column":8},"end":{"line":55,"column":10}},"12":{"start":{"line":57,"column":8},"end":{"line":57,"column":52}},"13":{"start":{"line":58,"column":8},"end":{"line":58,"column":56}},"14":{"start":{"line":59,"column":8},"end":{"line":59,"column":54}},"15":{"start":{"line":72,"column":8},"end":{"line":163,"column":10}},"16":{"start":{"line":73,"column":12},"end":{"line":73,"column":28}},"17":{"start":{"line":74,"column":12},"end":{"line":74,"column":26}},"18":{"start":{"line":75,"column":12},"end":{"line":79,"column":13}},"19":{"start":{"line":76,"column":16},"end":{"line":78,"column":19}},"20":{"start":{"line":77,"column":20},"end":{"line":77,"column":33}},"21":{"start":{"line":81,"column":12},"end":{"line":134,"column":14}},"22":{"start":{"line":82,"column":16},"end":{"line":82,"column":35}},"23":{"start":{"line":83,"column":16},"end":{"line":83,"column":41}},"24":{"start":{"line":85,"column":16},"end":{"line":87,"column":17}},"25":{"start":{"line":86,"column":20},"end":{"line":86,"column":35}},"26":{"start":{"line":88,"column":16},"end":{"line":88,"column":54}},"27":{"start":{"line":90,"column":16},"end":{"line":98,"column":17}},"28":{"start":{"line":91,"column":20},"end":{"line":96,"column":22}},"29":{"start":{"line":97,"column":20},"end":{"line":97,"column":78}},"30":{"start":{"line":100,"column":16},"end":{"line":102,"column":28}},"31":{"start":{"line":104,"column":16},"end":{"line":132,"column":17}},"32":{"start":{"line":106,"column":20},"end":{"line":109,"column":21}},"33":{"start":{"line":108,"column":24},"end":{"line":108,"column":73}},"34":{"start":{"line":111,"column":20},"end":{"line":114,"column":21}},"35":{"start":{"line":112,"column":24},"end":{"line":112,"column":53}},"36":{"start":{"line":113,"column":24},"end":{"line":113,"column":111}},"37":{"start":{"line":115,"column":23},"end":{"line":132,"column":17}},"38":{"start":{"line":117,"column":20},"end":{"line":129,"column":21}},"39":{"start":{"line":118,"column":24},"end":{"line":125,"column":25}},"40":{"start":{"line":119,"column":28},"end":{"line":119,"column":57}},"41":{"start":{"line":120,"column":28},"end":{"line":124,"column":29}},"42":{"start":{"line":121,"column":32},"end":{"line":121,"column":129}},"43":{"start":{"line":123,"column":32},"end":{"line":123,"column":122}},"44":{"start":{"line":126,"column":24},"end":{"line":126,"column":132}},"45":{"start":{"line":128,"column":24},"end":{"line":128,"column":53}},"46":{"start":{"line":131,"column":20},"end":{"line":131,"column":86}},"47":{"start":{"line":133,"column":16},"end":{"line":133,"column":50}},"48":{"start":{"line":136,"column":12},"end":{"line":162,"column":13}},"49":{"start":{"line":138,"column":16},"end":{"line":140,"column":17}},"50":{"start":{"line":139,"column":20},"end":{"line":139,"column":35}},"51":{"start":{"line":142,"column":16},"end":{"line":142,"column":54}},"52":{"start":{"line":143,"column":16},"end":{"line":152,"column":17}},"53":{"start":{"line":144,"column":20},"end":{"line":149,"column":22}},"54":{"start":{"line":150,"column":20},"end":{"line":150,"column":54}},"55":{"start":{"line":151,"column":20},"end":{"line":151,"column":78}},"56":{"start":{"line":153,"column":16},"end":{"line":155,"column":28}},"57":{"start":{"line":156,"column":16},"end":{"line":156,"column":94}},"58":{"start":{"line":159,"column":16},"end":{"line":161,"column":17}},"59":{"start":{"line":160,"column":20},"end":{"line":160,"column":52}},"60":{"start":{"line":171,"column":8},"end":{"line":240,"column":9}},"61":{"start":{"line":172,"column":12},"end":{"line":172,"column":33}},"62":{"start":{"line":173,"column":12},"end":{"line":173,"column":40}},"63":{"start":{"line":175,"column":12},"end":{"line":239,"column":13}},"64":{"start":{"line":180,"column":16},"end":{"line":188,"column":22}},"65":{"start":{"line":181,"column":20},"end":{"line":181,"column":53}},"66":{"start":{"line":182,"column":20},"end":{"line":184,"column":22}},"67":{"start":{"line":183,"column":24},"end":{"line":183,"column":115}},"68":{"start":{"line":186,"column":20},"end":{"line":186,"column":45}},"69":{"start":{"line":187,"column":20},"end":{"line":187,"column":42}},"70":{"start":{"line":195,"column":16},"end":{"line":237,"column":17}},"71":{"start":{"line":196,"column":20},"end":{"line":236,"column":21}},"72":{"start":{"line":197,"column":24},"end":{"line":235,"column":29}},"73":{"start":{"line":198,"column":28},"end":{"line":198,"column":61}},"74":{"start":{"line":199,"column":28},"end":{"line":199,"column":45}},"75":{"start":{"line":200,"column":28},"end":{"line":234,"column":30}},"76":{"start":{"line":201,"column":32},"end":{"line":201,"column":52}},"77":{"start":{"line":202,"column":32},"end":{"line":202,"column":54}},"78":{"start":{"line":204,"column":32},"end":{"line":206,"column":33}},"79":{"start":{"line":205,"column":36},"end":{"line":205,"column":54}},"80":{"start":{"line":208,"column":32},"end":{"line":208,"column":69}},"81":{"start":{"line":209,"column":32},"end":{"line":218,"column":33}},"82":{"start":{"line":210,"column":36},"end":{"line":215,"column":38}},"83":{"start":{"line":216,"column":36},"end":{"line":216,"column":73}},"84":{"start":{"line":217,"column":36},"end":{"line":217,"column":94}},"85":{"start":{"line":220,"column":32},"end":{"line":222,"column":44}},"86":{"start":{"line":224,"column":32},"end":{"line":231,"column":33}},"87":{"start":{"line":225,"column":36},"end":{"line":225,"column":65}},"88":{"start":{"line":226,"column":36},"end":{"line":230,"column":37}},"89":{"start":{"line":227,"column":40},"end":{"line":227,"column":149}},"90":{"start":{"line":229,"column":40},"end":{"line":229,"column":142}},"91":{"start":{"line":233,"column":32},"end":{"line":233,"column":148}},"92":{"start":{"line":242,"column":4},"end":{"line":242,"column":18}}},"branchMap":{"1":{"line":25,"type":"if","locations":[{"start":{"line":25,"column":8},"end":{"line":25,"column":8}},{"start":{"line":25,"column":8},"end":{"line":25,"column":8}}]},"2":{"line":25,"type":"binary-expr","locations":[{"start":{"line":25,"column":12},"end":{"line":25,"column":51}},{"start":{"line":25,"column":55},"end":{"line":25,"column":80}}]},"3":{"line":75,"type":"if","locations":[{"start":{"line":75,"column":12},"end":{"line":75,"column":12}},{"start":{"line":75,"column":12},"end":{"line":75,"column":12}}]},"4":{"line":85,"type":"if","locations":[{"start":{"line":85,"column":16},"end":{"line":85,"column":16}},{"start":{"line":85,"column":16},"end":{"line":85,"column":16}}]},"5":{"line":90,"type":"if","locations":[{"start":{"line":90,"column":16},"end":{"line":90,"column":16}},{"start":{"line":90,"column":16},"end":{"line":90,"column":16}}]},"6":{"line":104,"type":"if","locations":[{"start":{"line":104,"column":16},"end":{"line":104,"column":16}},{"start":{"line":104,"column":16},"end":{"line":104,"column":16}}]},"7":{"line":104,"type":"binary-expr","locations":[{"start":{"line":104,"column":20},"end":{"line":104,"column":37}},{"start":{"line":104,"column":41},"end":{"line":104,"column":68}}]},"8":{"line":106,"type":"if","locations":[{"start":{"line":106,"column":20},"end":{"line":106,"column":20}},{"start":{"line":106,"column":20},"end":{"line":106,"column":20}}]},"9":{"line":111,"type":"if","locations":[{"start":{"line":111,"column":20},"end":{"line":111,"column":20}},{"start":{"line":111,"column":20},"end":{"line":111,"column":20}}]},"10":{"line":115,"type":"if","locations":[{"start":{"line":115,"column":23},"end":{"line":115,"column":23}},{"start":{"line":115,"column":23},"end":{"line":115,"column":23}}]},"11":{"line":118,"type":"if","locations":[{"start":{"line":118,"column":24},"end":{"line":118,"column":24}},{"start":{"line":118,"column":24},"end":{"line":118,"column":24}}]},"12":{"line":120,"type":"if","locations":[{"start":{"line":120,"column":28},"end":{"line":120,"column":28}},{"start":{"line":120,"column":28},"end":{"line":120,"column":28}}]},"13":{"line":136,"type":"if","locations":[{"start":{"line":136,"column":12},"end":{"line":136,"column":12}},{"start":{"line":136,"column":12},"end":{"line":136,"column":12}}]},"14":{"line":136,"type":"binary-expr","locations":[{"start":{"line":136,"column":16},"end":{"line":136,"column":31}},{"start":{"line":136,"column":35},"end":{"line":136,"column":50}}]},"15":{"line":138,"type":"if","locations":[{"start":{"line":138,"column":16},"end":{"line":138,"column":16}},{"start":{"line":138,"column":16},"end":{"line":138,"column":16}}]},"16":{"line":143,"type":"if","locations":[{"start":{"line":143,"column":16},"end":{"line":143,"column":16}},{"start":{"line":143,"column":16},"end":{"line":143,"column":16}}]},"17":{"line":159,"type":"if","locations":[{"start":{"line":159,"column":16},"end":{"line":159,"column":16}},{"start":{"line":159,"column":16},"end":{"line":159,"column":16}}]},"18":{"line":171,"type":"if","locations":[{"start":{"line":171,"column":8},"end":{"line":171,"column":8}},{"start":{"line":171,"column":8},"end":{"line":171,"column":8}}]},"19":{"line":196,"type":"if","locations":[{"start":{"line":196,"column":20},"end":{"line":196,"column":20}},{"start":{"line":196,"column":20},"end":{"line":196,"column":20}}]},"20":{"line":204,"type":"if","locations":[{"start":{"line":204,"column":32},"end":{"line":204,"column":32}},{"start":{"line":204,"column":32},"end":{"line":204,"column":32}}]},"21":{"line":209,"type":"if","locations":[{"start":{"line":209,"column":32},"end":{"line":209,"column":32}},{"start":{"line":209,"column":32},"end":{"line":209,"column":32}}]},"22":{"line":224,"type":"if","locations":[{"start":{"line":224,"column":32},"end":{"line":224,"column":32}},{"start":{"line":224,"column":32},"end":{"line":224,"column":32}}]},"23":{"line":226,"type":"if","locations":[{"start":{"line":226,"column":36},"end":{"line":226,"column":36}},{"start":{"line":226,"column":36},"end":{"line":226,"column":36}}]}}},"C:\\Users\\User\\Documents\\Visual Studio 2017\\Projects\\CampaignIntelligence\\CampaignIntelligence\\Content\\homeworks\\src\\js\\core\\utils\\data.js":{"path":"C:\\Users\\User\\Documents\\Visual Studio 2017\\Projects\\CampaignIntelligence\\CampaignIntelligence\\Content\\homeworks\\src\\js\\core\\utils\\data.js","s":{"1":1,"2":1,"3":1,"4":1,"5":1,"6":1,"7":1,"8":1},"b":{"1":[1,0],"2":[1,1]},"f":{"1":1,"2":1},"fnMap":{"1":{"name":"(anonymous_1)","line":1,"loc":{"start":{"line":1,"column":1},"end":{"line":1,"column":39}}},"2":{"name":"(anonymous_2)","line":16,"loc":{"start":{"line":16,"column":17},"end":{"line":16,"column":39}}}},"statementMap":{"1":{"start":{"line":1,"column":0},"end":{"line":64,"column":73}},"2":{"start":{"line":5,"column":0},"end":{"line":63,"column":3}},"3":{"start":{"line":16,"column":4},"end":{"line":61,"column":6}},"4":{"start":{"line":21,"column":8},"end":{"line":23,"column":9}},"5":{"start":{"line":22,"column":12},"end":{"line":22,"column":34}},"6":{"start":{"line":41,"column":8},"end":{"line":59,"column":11}},"7":{"start":{"line":60,"column":8},"end":{"line":60,"column":61}},"8":{"start":{"line":62,"column":4},"end":{"line":62,"column":16}}},"branchMap":{"1":{"line":21,"type":"if","locations":[{"start":{"line":21,"column":8},"end":{"line":21,"column":8}},{"start":{"line":21,"column":8},"end":{"line":21,"column":8}}]},"2":{"line":58,"type":"binary-expr","locations":[{"start":{"line":58,"column":20},"end":{"line":58,"column":29}},{"start":{"line":58,"column":33},"end":{"line":58,"column":35}}]}}},"C:\\Users\\User\\Documents\\Visual Studio 2017\\Projects\\CampaignIntelligence\\CampaignIntelligence\\Content\\homeworks\\src\\js\\core\\utils\\helper.js":{"path":"C:\\Users\\User\\Documents\\Visual Studio 2017\\Projects\\CampaignIntelligence\\CampaignIntelligence\\Content\\homeworks\\src\\js\\core\\utils\\helper.js","s":{"1":1,"2":1,"3":1,"4":1,"5":0,"6":0,"7":0,"8":0,"9":0,"10":0,"11":1,"12":0,"13":0,"14":0,"15":0,"16":0,"17":0,"18":0,"19":0,"20":0,"21":0,"22":0,"23":0,"24":0,"25":0,"26":1,"27":0,"28":0,"29":0,"30":0,"31":0,"32":0,"33":0,"34":0,"35":1,"36":0,"37":0,"38":0,"39":0,"40":0,"41":0,"42":0,"43":1,"44":0,"45":0,"46":0,"47":0,"48":0,"49":1,"50":1,"51":1,"52":1,"53":1,"54":1,"55":0,"56":0,"57":0,"58":0,"59":0,"60":0,"61":0,"62":0,"63":0,"64":0,"65":0,"66":0,"67":0,"68":1,"69":0,"70":1,"71":0,"72":0,"73":1,"74":0,"75":0,"76":1},"b":{"1":[0,0],"2":[0,0],"3":[0,0],"4":[0,0],"5":[0,0],"6":[0,0],"7":[0,0],"8":[0,0],"9":[0,0],"10":[0,0],"11":[0,0],"12":[0,0],"13":[0,0],"14":[0,0],"15":[0,0],"16":[0,0],"17":[0,0],"18":[0,0],"19":[0,0],"20":[0,0],"21":[0,0]},"f":{"1":1,"2":1,"3":0,"4":0,"5":0,"6":0,"7":0,"8":0,"9":1,"10":0,"11":0,"12":0,"13":0,"14":0},"fnMap":{"1":{"name":"(anonymous_1)","line":1,"loc":{"start":{"line":1,"column":1},"end":{"line":1,"column":39}}},"2":{"name":"(anonymous_2)","line":16,"loc":{"start":{"line":16,"column":19},"end":{"line":16,"column":43}}},"3":{"name":"(anonymous_3)","line":28,"loc":{"start":{"line":28,"column":28},"end":{"line":28,"column":45}}},"4":{"name":"(anonymous_4)","line":47,"loc":{"start":{"line":47,"column":23},"end":{"line":47,"column":63}}},"5":{"name":"(anonymous_5)","line":59,"loc":{"start":{"line":59,"column":71},"end":{"line":59,"column":83}}},"6":{"name":"(anonymous_6)","line":83,"loc":{"start":{"line":83,"column":22},"end":{"line":83,"column":38}}},"7":{"name":"(anonymous_7)","line":106,"loc":{"start":{"line":106,"column":19},"end":{"line":106,"column":44}}},"8":{"name":"(anonymous_8)","line":129,"loc":{"start":{"line":129,"column":29},"end":{"line":129,"column":49}}},"9":{"name":"(anonymous_9)","line":143,"loc":{"start":{"line":143,"column":29},"end":{"line":143,"column":41}}},"10":{"name":"(anonymous_10)","line":159,"loc":{"start":{"line":159,"column":20},"end":{"line":159,"column":67}}},"11":{"name":"(anonymous_11)","line":168,"loc":{"start":{"line":168,"column":36},"end":{"line":168,"column":60}}},"12":{"name":"(anonymous_12)","line":195,"loc":{"start":{"line":195,"column":22},"end":{"line":195,"column":47}}},"13":{"name":"(anonymous_13)","line":207,"loc":{"start":{"line":207,"column":23},"end":{"line":207,"column":55}}},"14":{"name":"(anonymous_14)","line":220,"loc":{"start":{"line":220,"column":30},"end":{"line":220,"column":62}}}},"statementMap":{"1":{"start":{"line":1,"column":0},"end":{"line":227,"column":73}},"2":{"start":{"line":5,"column":0},"end":{"line":226,"column":3}},"3":{"start":{"line":16,"column":4},"end":{"line":224,"column":6}},"4":{"start":{"line":28,"column":8},"end":{"line":36,"column":10}},"5":{"start":{"line":29,"column":12},"end":{"line":29,"column":34}},"6":{"start":{"line":30,"column":12},"end":{"line":30,"column":97}},"7":{"start":{"line":31,"column":12},"end":{"line":31,"column":34}},"8":{"start":{"line":32,"column":12},"end":{"line":34,"column":13}},"9":{"start":{"line":33,"column":16},"end":{"line":33,"column":81}},"10":{"start":{"line":35,"column":12},"end":{"line":35,"column":41}},"11":{"start":{"line":47,"column":8},"end":{"line":72,"column":10}},"12":{"start":{"line":48,"column":12},"end":{"line":48,"column":28}},"13":{"start":{"line":49,"column":12},"end":{"line":53,"column":13}},"14":{"start":{"line":50,"column":16},"end":{"line":50,"column":32}},"15":{"start":{"line":51,"column":16},"end":{"line":51,"column":32}},"16":{"start":{"line":52,"column":16},"end":{"line":52,"column":76}},"17":{"start":{"line":55,"column":12},"end":{"line":57,"column":13}},"18":{"start":{"line":56,"column":16},"end":{"line":56,"column":34}},"19":{"start":{"line":59,"column":12},"end":{"line":69,"column":21}},"20":{"start":{"line":60,"column":16},"end":{"line":64,"column":17}},"21":{"start":{"line":61,"column":20},"end":{"line":61,"column":73}},"22":{"start":{"line":63,"column":20},"end":{"line":63,"column":38}},"23":{"start":{"line":66,"column":16},"end":{"line":68,"column":17}},"24":{"start":{"line":67,"column":20},"end":{"line":67,"column":31}},"25":{"start":{"line":71,"column":12},"end":{"line":71,"column":24}},"26":{"start":{"line":83,"column":8},"end":{"line":97,"column":10}},"27":{"start":{"line":84,"column":12},"end":{"line":86,"column":13}},"28":{"start":{"line":85,"column":16},"end":{"line":85,"column":34}},"29":{"start":{"line":88,"column":12},"end":{"line":95,"column":13}},"30":{"start":{"line":89,"column":16},"end":{"line":94,"column":17}},"31":{"start":{"line":90,"column":20},"end":{"line":90,"column":80}},"32":{"start":{"line":91,"column":20},"end":{"line":91,"column":73}},"33":{"start":{"line":93,"column":20},"end":{"line":93,"column":38}},"34":{"start":{"line":96,"column":12},"end":{"line":96,"column":24}},"35":{"start":{"line":106,"column":8},"end":{"line":120,"column":10}},"36":{"start":{"line":107,"column":12},"end":{"line":119,"column":13}},"37":{"start":{"line":108,"column":16},"end":{"line":108,"column":39}},"38":{"start":{"line":110,"column":16},"end":{"line":118,"column":17}},"39":{"start":{"line":111,"column":20},"end":{"line":111,"column":49}},"40":{"start":{"line":113,"column":20},"end":{"line":115,"column":21}},"41":{"start":{"line":114,"column":24},"end":{"line":114,"column":64}},"42":{"start":{"line":117,"column":20},"end":{"line":117,"column":44}},"43":{"start":{"line":129,"column":8},"end":{"line":136,"column":10}},"44":{"start":{"line":130,"column":12},"end":{"line":130,"column":45}},"45":{"start":{"line":131,"column":12},"end":{"line":134,"column":13}},"46":{"start":{"line":132,"column":16},"end":{"line":132,"column":62}},"47":{"start":{"line":133,"column":16},"end":{"line":133,"column":29}},"48":{"start":{"line":135,"column":12},"end":{"line":135,"column":37}},"49":{"start":{"line":143,"column":8},"end":{"line":148,"column":10}},"50":{"start":{"line":144,"column":12},"end":{"line":144,"column":51}},"51":{"start":{"line":145,"column":12},"end":{"line":145,"column":38}},"52":{"start":{"line":146,"column":12},"end":{"line":146,"column":88}},"53":{"start":{"line":147,"column":12},"end":{"line":147,"column":39}},"54":{"start":{"line":159,"column":8},"end":{"line":186,"column":10}},"55":{"start":{"line":160,"column":12},"end":{"line":185,"column":13}},"56":{"start":{"line":161,"column":16},"end":{"line":161,"column":55}},"57":{"start":{"line":162,"column":16},"end":{"line":164,"column":17}},"58":{"start":{"line":163,"column":20},"end":{"line":163,"column":75}},"59":{"start":{"line":166,"column":16},"end":{"line":166,"column":40}},"60":{"start":{"line":168,"column":16},"end":{"line":176,"column":19}},"61":{"start":{"line":169,"column":20},"end":{"line":171,"column":21}},"62":{"start":{"line":170,"column":24},"end":{"line":170,"column":47}},"63":{"start":{"line":173,"column":20},"end":{"line":175,"column":21}},"64":{"start":{"line":174,"column":24},"end":{"line":174,"column":84}},"65":{"start":{"line":178,"column":16},"end":{"line":182,"column":17}},"66":{"start":{"line":179,"column":20},"end":{"line":181,"column":23}},"67":{"start":{"line":184,"column":16},"end":{"line":184,"column":36}},"68":{"start":{"line":195,"column":8},"end":{"line":197,"column":10}},"69":{"start":{"line":196,"column":12},"end":{"line":196,"column":62}},"70":{"start":{"line":207,"column":8},"end":{"line":210,"column":10}},"71":{"start":{"line":208,"column":12},"end":{"line":208,"column":56}},"72":{"start":{"line":209,"column":12},"end":{"line":209,"column":98}},"73":{"start":{"line":220,"column":8},"end":{"line":223,"column":10}},"74":{"start":{"line":221,"column":12},"end":{"line":221,"column":56}},"75":{"start":{"line":222,"column":12},"end":{"line":222,"column":104}},"76":{"start":{"line":225,"column":4},"end":{"line":225,"column":18}}},"branchMap":{"1":{"line":29,"type":"binary-expr","locations":[{"start":{"line":29,"column":21},"end":{"line":29,"column":27}},{"start":{"line":29,"column":31},"end":{"line":29,"column":33}}]},"2":{"line":49,"type":"if","locations":[{"start":{"line":49,"column":12},"end":{"line":49,"column":12}},{"start":{"line":49,"column":12},"end":{"line":49,"column":12}}]},"3":{"line":49,"type":"binary-expr","locations":[{"start":{"line":49,"column":16},"end":{"line":49,"column":42}},{"start":{"line":49,"column":46},"end":{"line":49,"column":74}}]},"4":{"line":55,"type":"if","locations":[{"start":{"line":55,"column":12},"end":{"line":55,"column":12}},{"start":{"line":55,"column":12},"end":{"line":55,"column":12}}]},"5":{"line":55,"type":"binary-expr","locations":[{"start":{"line":55,"column":16},"end":{"line":55,"column":45}},{"start":{"line":55,"column":49},"end":{"line":55,"column":64}}]},"6":{"line":66,"type":"if","locations":[{"start":{"line":66,"column":16},"end":{"line":66,"column":16}},{"start":{"line":66,"column":16},"end":{"line":66,"column":16}}]},"7":{"line":84,"type":"if","locations":[{"start":{"line":84,"column":12},"end":{"line":84,"column":12}},{"start":{"line":84,"column":12},"end":{"line":84,"column":12}}]},"8":{"line":84,"type":"binary-expr","locations":[{"start":{"line":84,"column":16},"end":{"line":84,"column":43}},{"start":{"line":84,"column":47},"end":{"line":84,"column":60}}]},"9":{"line":88,"type":"if","locations":[{"start":{"line":88,"column":12},"end":{"line":88,"column":12}},{"start":{"line":88,"column":12},"end":{"line":88,"column":12}}]},"10":{"line":107,"type":"if","locations":[{"start":{"line":107,"column":12},"end":{"line":107,"column":12}},{"start":{"line":107,"column":12},"end":{"line":107,"column":12}}]},"11":{"line":110,"type":"if","locations":[{"start":{"line":110,"column":16},"end":{"line":110,"column":16}},{"start":{"line":110,"column":16},"end":{"line":110,"column":16}}]},"12":{"line":110,"type":"binary-expr","locations":[{"start":{"line":110,"column":20},"end":{"line":110,"column":50}},{"start":{"line":110,"column":54},"end":{"line":110,"column":90}}]},"13":{"line":113,"type":"if","locations":[{"start":{"line":113,"column":20},"end":{"line":113,"column":20}},{"start":{"line":113,"column":20},"end":{"line":113,"column":20}}]},"14":{"line":113,"type":"binary-expr","locations":[{"start":{"line":113,"column":24},"end":{"line":113,"column":51}},{"start":{"line":113,"column":55},"end":{"line":113,"column":68}}]},"15":{"line":131,"type":"if","locations":[{"start":{"line":131,"column":12},"end":{"line":131,"column":12}},{"start":{"line":131,"column":12},"end":{"line":131,"column":12}}]},"16":{"line":169,"type":"if","locations":[{"start":{"line":169,"column":20},"end":{"line":169,"column":20}},{"start":{"line":169,"column":20},"end":{"line":169,"column":20}}]},"17":{"line":173,"type":"if","locations":[{"start":{"line":173,"column":20},"end":{"line":173,"column":20}},{"start":{"line":173,"column":20},"end":{"line":173,"column":20}}]},"18":{"line":178,"type":"if","locations":[{"start":{"line":178,"column":16},"end":{"line":178,"column":16}},{"start":{"line":178,"column":16},"end":{"line":178,"column":16}}]},"19":{"line":178,"type":"binary-expr","locations":[{"start":{"line":178,"column":20},"end":{"line":178,"column":53}},{"start":{"line":178,"column":57},"end":{"line":178,"column":76}}]},"20":{"line":209,"type":"cond-expr","locations":[{"start":{"line":209,"column":45},"end":{"line":209,"column":50}},{"start":{"line":209,"column":54},"end":{"line":209,"column":88}}]},"21":{"line":222,"type":"cond-expr","locations":[{"start":{"line":222,"column":51},"end":{"line":222,"column":56}},{"start":{"line":222,"column":60},"end":{"line":222,"column":94}}]}}}}