{"C:\\Users\\User\\Documents\\Visual Studio 2015\\Projects\\CampaignIntelligence\\CampaignIntelligence\\Content\\homeworks\\src\\js\\core\\index.js":{"path":"C:\\Users\\User\\Documents\\Visual Studio 2015\\Projects\\CampaignIntelligence\\CampaignIntelligence\\Content\\homeworks\\src\\js\\core\\index.js","s":{"1":1,"2":1,"3":1,"4":0,"5":1,"6":1,"7":1,"8":2,"9":2,"10":2,"11":2,"12":2,"13":2,"14":2,"15":1,"16":2,"17":2,"18":2,"19":2,"20":2,"21":2,"22":2,"23":2,"24":2,"25":0,"26":2,"27":2,"28":0,"29":2,"30":0,"31":1,"32":1,"33":1,"34":1,"35":1,"36":1,"37":1,"38":0,"39":0,"40":0,"41":0,"42":0,"43":0,"44":0,"45":0,"46":0,"47":0,"48":0,"49":0,"50":0,"51":0,"52":1,"53":0,"54":0,"55":0,"56":0,"57":0,"58":0,"59":0,"60":0,"61":1,"62":0,"63":0,"64":0,"65":0,"66":0,"67":0,"68":0,"69":1,"70":0,"71":0,"72":0,"73":0,"74":0,"75":1,"76":1,"77":1,"78":1,"79":1,"80":1,"81":0,"82":0,"83":0,"84":0,"85":0,"86":0,"87":0,"88":0,"89":0,"90":0,"91":0,"92":0,"93":0,"94":1,"95":0,"96":1,"97":0,"98":0,"99":1,"100":0,"101":0,"102":1,"103":1,"104":1,"105":1,"106":0,"107":1,"108":1,"109":1,"110":1,"111":1,"112":1,"113":1,"114":1,"115":1,"116":1,"117":1,"118":1,"119":1,"120":1,"121":1,"122":1,"123":1,"124":1,"125":1,"126":1,"127":1,"128":1,"129":1,"130":1,"131":1,"132":1,"133":1,"134":0,"135":0,"136":0,"137":0,"138":0,"139":0,"140":0,"141":0,"142":0,"143":0,"144":1,"145":0,"146":0,"147":0,"148":0,"149":0,"150":0,"151":0,"152":0,"153":1,"154":1,"155":1,"156":1,"157":1,"158":1,"159":1,"160":1,"161":1,"162":1,"163":1,"164":1,"165":1,"166":1,"167":1,"168":0,"169":0,"170":0,"171":0,"172":0,"173":0,"174":0,"175":0,"176":0,"177":0,"178":0,"179":0,"180":0,"181":0,"182":0,"183":0,"184":0,"185":0,"186":1,"187":1,"188":1,"189":0,"190":0,"191":0,"192":0,"193":0,"194":0,"195":0,"196":0,"197":0,"198":0,"199":1,"200":1,"201":1},"b":{"1":[0,1],"2":[0,2],"3":[2,0],"4":[0,2],"5":[1,0],"6":[1,0],"7":[0,0],"8":[0,0],"9":[0,0],"10":[0,0],"11":[0,0],"12":[0,0],"13":[0,0],"14":[0,0],"15":[0,0],"16":[0,0],"17":[0,0],"18":[0,0],"19":[0,0],"20":[0,0],"21":[0,0],"22":[0,0],"23":[0,0],"24":[0,0],"25":[0,0],"26":[0,1],"27":[1,0],"28":[1,0],"29":[1,0],"30":[1,0],"31":[1,0],"32":[1,1],"33":[1,0],"34":[1,0],"35":[0,0],"36":[0,0],"37":[0,0],"38":[0,1],"39":[1,1],"40":[0,0],"41":[0,0],"42":[1,0],"43":[1,0],"44":[0,1],"45":[0,0],"46":[0,0],"47":[0,0],"48":[0,0],"49":[1,0],"50":[0,0],"51":[0,0],"52":[0,0],"53":[0,0],"54":[0,0]},"f":{"1":2,"2":2,"3":2,"4":2,"5":1,"6":1,"7":0,"8":0,"9":0,"10":0,"11":0,"12":1,"13":0,"14":0,"15":0,"16":0,"17":0,"18":1,"19":1,"20":1,"21":1,"22":1,"23":1,"24":0,"25":0,"26":1,"27":0,"28":0},"fnMap":{"1":{"name":"(anonymous_1)","line":40,"loc":{"start":{"line":40,"column":29},"end":{"line":40,"column":48}}},"2":{"name":"(anonymous_2)","line":56,"loc":{"start":{"line":56,"column":26},"end":{"line":56,"column":48}}},"3":{"name":"(anonymous_3)","line":60,"loc":{"start":{"line":60,"column":31},"end":{"line":60,"column":42}}},"4":{"name":"(anonymous_4)","line":65,"loc":{"start":{"line":65,"column":21},"end":{"line":65,"column":33}}},"5":{"name":"ComponentData","line":101,"loc":{"start":{"line":101,"column":0},"end":{"line":101,"column":36}}},"6":{"name":"ComponentHelper","line":159,"loc":{"start":{"line":159,"column":0},"end":{"line":159,"column":40}}},"7":{"name":"(anonymous_7)","line":174,"loc":{"start":{"line":174,"column":19},"end":{"line":174,"column":59}}},"8":{"name":"(anonymous_8)","line":186,"loc":{"start":{"line":186,"column":71},"end":{"line":186,"column":83}}},"9":{"name":"(anonymous_9)","line":209,"loc":{"start":{"line":209,"column":18},"end":{"line":209,"column":34}}},"10":{"name":"(anonymous_10)","line":231,"loc":{"start":{"line":231,"column":15},"end":{"line":231,"column":40}}},"11":{"name":"(anonymous_11)","line":254,"loc":{"start":{"line":254,"column":25},"end":{"line":254,"column":45}}},"12":{"name":"(anonymous_12)","line":268,"loc":{"start":{"line":268,"column":25},"end":{"line":268,"column":37}}},"13":{"name":"(anonymous_13)","line":284,"loc":{"start":{"line":284,"column":16},"end":{"line":284,"column":63}}},"14":{"name":"(anonymous_14)","line":293,"loc":{"start":{"line":293,"column":32},"end":{"line":293,"column":56}}},"15":{"name":"(anonymous_15)","line":318,"loc":{"start":{"line":318,"column":18},"end":{"line":318,"column":43}}},"16":{"name":"(anonymous_16)","line":330,"loc":{"start":{"line":330,"column":19},"end":{"line":330,"column":51}}},"17":{"name":"(anonymous_17)","line":343,"loc":{"start":{"line":343,"column":26},"end":{"line":343,"column":58}}},"18":{"name":"ComponentMethod","line":358,"loc":{"start":{"line":358,"column":0},"end":{"line":358,"column":41}}},"19":{"name":"(anonymous_19)","line":414,"loc":{"start":{"line":414,"column":17},"end":{"line":414,"column":31}}},"20":{"name":"(anonymous_20)","line":418,"loc":{"start":{"line":418,"column":60},"end":{"line":418,"column":76}}},"21":{"name":"(anonymous_21)","line":423,"loc":{"start":{"line":423,"column":28},"end":{"line":423,"column":40}}},"22":{"name":"(anonymous_22)","line":516,"loc":{"start":{"line":516,"column":14},"end":{"line":516,"column":26}}},"23":{"name":"(anonymous_23)","line":518,"loc":{"start":{"line":518,"column":31},"end":{"line":518,"column":43}}},"24":{"name":"(anonymous_24)","line":532,"loc":{"start":{"line":532,"column":22},"end":{"line":532,"column":34}}},"25":{"name":"(anonymous_25)","line":534,"loc":{"start":{"line":534,"column":39},"end":{"line":534,"column":51}}},"26":{"name":"(anonymous_26)","line":574,"loc":{"start":{"line":574,"column":1},"end":{"line":574,"column":13}}},"27":{"name":"(anonymous_27)","line":580,"loc":{"start":{"line":580,"column":28},"end":{"line":580,"column":39}}},"28":{"name":"(anonymous_28)","line":584,"loc":{"start":{"line":584,"column":53},"end":{"line":584,"column":64}}}},"statementMap":{"1":{"start":{"line":27,"column":0},"end":{"line":27,"column":37}},"2":{"start":{"line":28,"column":0},"end":{"line":28,"column":26}},"3":{"start":{"line":29,"column":0},"end":{"line":31,"column":1}},"4":{"start":{"line":30,"column":4},"end":{"line":30,"column":39}},"5":{"start":{"line":33,"column":0},"end":{"line":33,"column":28}},"6":{"start":{"line":34,"column":0},"end":{"line":34,"column":27}},"7":{"start":{"line":40,"column":0},"end":{"line":50,"column":2}},"8":{"start":{"line":41,"column":4},"end":{"line":41,"column":22}},"9":{"start":{"line":42,"column":4},"end":{"line":48,"column":5}},"10":{"start":{"line":43,"column":8},"end":{"line":43,"column":33}},"11":{"start":{"line":44,"column":8},"end":{"line":45,"column":40}},"12":{"start":{"line":46,"column":8},"end":{"line":46,"column":55}},"13":{"start":{"line":47,"column":8},"end":{"line":47,"column":47}},"14":{"start":{"line":49,"column":4},"end":{"line":49,"column":29}},"15":{"start":{"line":56,"column":0},"end":{"line":85,"column":2}},"16":{"start":{"line":57,"column":4},"end":{"line":57,"column":23}},"17":{"start":{"line":59,"column":4},"end":{"line":84,"column":5}},"18":{"start":{"line":60,"column":8},"end":{"line":81,"column":11}},"19":{"start":{"line":61,"column":12},"end":{"line":61,"column":46}},"20":{"start":{"line":63,"column":12},"end":{"line":80,"column":15}},"21":{"start":{"line":66,"column":16},"end":{"line":66,"column":38}},"22":{"start":{"line":67,"column":16},"end":{"line":67,"column":49}},"23":{"start":{"line":68,"column":16},"end":{"line":68,"column":48}},"24":{"start":{"line":70,"column":16},"end":{"line":71,"column":32}},"25":{"start":{"line":71,"column":20},"end":{"line":71,"column":32}},"26":{"start":{"line":73,"column":16},"end":{"line":79,"column":17}},"27":{"start":{"line":74,"column":20},"end":{"line":78,"column":21}},"28":{"start":{"line":75,"column":24},"end":{"line":75,"column":66}},"29":{"start":{"line":77,"column":24},"end":{"line":77,"column":71}},"30":{"start":{"line":83,"column":8},"end":{"line":83,"column":31}},"31":{"start":{"line":101,"column":0},"end":{"line":148,"column":1}},"32":{"start":{"line":106,"column":4},"end":{"line":108,"column":5}},"33":{"start":{"line":107,"column":8},"end":{"line":107,"column":33}},"34":{"start":{"line":126,"column":4},"end":{"line":146,"column":6}},"35":{"start":{"line":147,"column":4},"end":{"line":147,"column":66}},"36":{"start":{"line":159,"column":0},"end":{"line":347,"column":1}},"37":{"start":{"line":174,"column":4},"end":{"line":198,"column":6}},"38":{"start":{"line":175,"column":8},"end":{"line":175,"column":24}},"39":{"start":{"line":176,"column":8},"end":{"line":180,"column":9}},"40":{"start":{"line":177,"column":12},"end":{"line":177,"column":28}},"41":{"start":{"line":178,"column":12},"end":{"line":178,"column":28}},"42":{"start":{"line":179,"column":12},"end":{"line":179,"column":30}},"43":{"start":{"line":182,"column":8},"end":{"line":184,"column":9}},"44":{"start":{"line":183,"column":12},"end":{"line":183,"column":30}},"45":{"start":{"line":186,"column":8},"end":{"line":196,"column":17}},"46":{"start":{"line":187,"column":12},"end":{"line":191,"column":13}},"47":{"start":{"line":188,"column":16},"end":{"line":188,"column":73}},"48":{"start":{"line":190,"column":16},"end":{"line":190,"column":34}},"49":{"start":{"line":193,"column":12},"end":{"line":195,"column":13}},"50":{"start":{"line":194,"column":16},"end":{"line":194,"column":27}},"51":{"start":{"line":197,"column":8},"end":{"line":197,"column":33}},"52":{"start":{"line":209,"column":4},"end":{"line":222,"column":6}},"53":{"start":{"line":210,"column":8},"end":{"line":212,"column":9}},"54":{"start":{"line":211,"column":12},"end":{"line":211,"column":30}},"55":{"start":{"line":213,"column":8},"end":{"line":220,"column":9}},"56":{"start":{"line":214,"column":12},"end":{"line":219,"column":13}},"57":{"start":{"line":215,"column":16},"end":{"line":215,"column":78}},"58":{"start":{"line":216,"column":16},"end":{"line":216,"column":71}},"59":{"start":{"line":218,"column":16},"end":{"line":218,"column":34}},"60":{"start":{"line":221,"column":8},"end":{"line":221,"column":20}},"61":{"start":{"line":231,"column":4},"end":{"line":245,"column":6}},"62":{"start":{"line":232,"column":8},"end":{"line":244,"column":9}},"63":{"start":{"line":233,"column":12},"end":{"line":233,"column":35}},"64":{"start":{"line":235,"column":12},"end":{"line":243,"column":13}},"65":{"start":{"line":236,"column":16},"end":{"line":236,"column":45}},"66":{"start":{"line":238,"column":16},"end":{"line":240,"column":17}},"67":{"start":{"line":239,"column":20},"end":{"line":239,"column":60}},"68":{"start":{"line":242,"column":16},"end":{"line":242,"column":40}},"69":{"start":{"line":254,"column":4},"end":{"line":261,"column":6}},"70":{"start":{"line":255,"column":8},"end":{"line":255,"column":41}},"71":{"start":{"line":256,"column":8},"end":{"line":259,"column":9}},"72":{"start":{"line":257,"column":12},"end":{"line":257,"column":58}},"73":{"start":{"line":258,"column":12},"end":{"line":258,"column":25}},"74":{"start":{"line":260,"column":8},"end":{"line":260,"column":35}},"75":{"start":{"line":268,"column":4},"end":{"line":273,"column":6}},"76":{"start":{"line":269,"column":8},"end":{"line":269,"column":47}},"77":{"start":{"line":270,"column":8},"end":{"line":270,"column":34}},"78":{"start":{"line":271,"column":8},"end":{"line":271,"column":84}},"79":{"start":{"line":272,"column":8},"end":{"line":272,"column":35}},"80":{"start":{"line":284,"column":4},"end":{"line":309,"column":6}},"81":{"start":{"line":285,"column":8},"end":{"line":308,"column":9}},"82":{"start":{"line":286,"column":12},"end":{"line":286,"column":51}},"83":{"start":{"line":287,"column":12},"end":{"line":289,"column":13}},"84":{"start":{"line":288,"column":16},"end":{"line":288,"column":71}},"85":{"start":{"line":291,"column":12},"end":{"line":291,"column":36}},"86":{"start":{"line":293,"column":12},"end":{"line":301,"column":15}},"87":{"start":{"line":294,"column":16},"end":{"line":296,"column":17}},"88":{"start":{"line":295,"column":20},"end":{"line":295,"column":43}},"89":{"start":{"line":298,"column":16},"end":{"line":300,"column":17}},"90":{"start":{"line":299,"column":20},"end":{"line":299,"column":80}},"91":{"start":{"line":303,"column":12},"end":{"line":305,"column":13}},"92":{"start":{"line":304,"column":16},"end":{"line":304,"column":51}},"93":{"start":{"line":307,"column":12},"end":{"line":307,"column":32}},"94":{"start":{"line":318,"column":4},"end":{"line":320,"column":6}},"95":{"start":{"line":319,"column":8},"end":{"line":319,"column":58}},"96":{"start":{"line":330,"column":4},"end":{"line":333,"column":6}},"97":{"start":{"line":331,"column":8},"end":{"line":331,"column":52}},"98":{"start":{"line":332,"column":8},"end":{"line":332,"column":94}},"99":{"start":{"line":343,"column":4},"end":{"line":346,"column":6}},"100":{"start":{"line":344,"column":8},"end":{"line":344,"column":52}},"101":{"start":{"line":345,"column":8},"end":{"line":345,"column":100}},"102":{"start":{"line":358,"column":0},"end":{"line":572,"column":1}},"103":{"start":{"line":363,"column":4},"end":{"line":363,"column":23}},"104":{"start":{"line":365,"column":4},"end":{"line":365,"column":61}},"105":{"start":{"line":367,"column":4},"end":{"line":369,"column":5}},"106":{"start":{"line":368,"column":8},"end":{"line":368,"column":58}},"107":{"start":{"line":375,"column":4},"end":{"line":375,"column":30}},"108":{"start":{"line":381,"column":4},"end":{"line":383,"column":6}},"109":{"start":{"line":389,"column":4},"end":{"line":390,"column":6}},"110":{"start":{"line":396,"column":4},"end":{"line":397,"column":6}},"111":{"start":{"line":399,"column":4},"end":{"line":399,"column":43}},"112":{"start":{"line":400,"column":4},"end":{"line":400,"column":47}},"113":{"start":{"line":401,"column":4},"end":{"line":401,"column":45}},"114":{"start":{"line":414,"column":4},"end":{"line":498,"column":6}},"115":{"start":{"line":415,"column":8},"end":{"line":415,"column":24}},"116":{"start":{"line":416,"column":8},"end":{"line":416,"column":22}},"117":{"start":{"line":417,"column":8},"end":{"line":421,"column":9}},"118":{"start":{"line":418,"column":12},"end":{"line":420,"column":15}},"119":{"start":{"line":419,"column":16},"end":{"line":419,"column":29}},"120":{"start":{"line":423,"column":8},"end":{"line":471,"column":10}},"121":{"start":{"line":424,"column":12},"end":{"line":424,"column":44}},"122":{"start":{"line":425,"column":12},"end":{"line":436,"column":13}},"123":{"start":{"line":426,"column":16},"end":{"line":435,"column":17}},"124":{"start":{"line":427,"column":20},"end":{"line":432,"column":22}},"125":{"start":{"line":433,"column":20},"end":{"line":433,"column":48}},"126":{"start":{"line":434,"column":20},"end":{"line":434,"column":73}},"127":{"start":{"line":438,"column":12},"end":{"line":440,"column":24}},"128":{"start":{"line":442,"column":12},"end":{"line":470,"column":13}},"129":{"start":{"line":444,"column":16},"end":{"line":447,"column":17}},"130":{"start":{"line":446,"column":20},"end":{"line":446,"column":64}},"131":{"start":{"line":449,"column":16},"end":{"line":452,"column":17}},"132":{"start":{"line":450,"column":20},"end":{"line":450,"column":49}},"133":{"start":{"line":451,"column":20},"end":{"line":451,"column":109}},"134":{"start":{"line":453,"column":19},"end":{"line":470,"column":13}},"135":{"start":{"line":455,"column":16},"end":{"line":467,"column":17}},"136":{"start":{"line":456,"column":20},"end":{"line":463,"column":21}},"137":{"start":{"line":457,"column":24},"end":{"line":457,"column":53}},"138":{"start":{"line":458,"column":24},"end":{"line":462,"column":25}},"139":{"start":{"line":459,"column":28},"end":{"line":459,"column":127}},"140":{"start":{"line":461,"column":28},"end":{"line":461,"column":120}},"141":{"start":{"line":464,"column":20},"end":{"line":464,"column":130}},"142":{"start":{"line":466,"column":20},"end":{"line":466,"column":49}},"143":{"start":{"line":469,"column":16},"end":{"line":469,"column":81}},"144":{"start":{"line":473,"column":8},"end":{"line":497,"column":9}},"145":{"start":{"line":475,"column":12},"end":{"line":475,"column":44}},"146":{"start":{"line":476,"column":12},"end":{"line":487,"column":13}},"147":{"start":{"line":477,"column":16},"end":{"line":486,"column":17}},"148":{"start":{"line":478,"column":20},"end":{"line":483,"column":22}},"149":{"start":{"line":484,"column":20},"end":{"line":484,"column":48}},"150":{"start":{"line":485,"column":20},"end":{"line":485,"column":73}},"151":{"start":{"line":488,"column":12},"end":{"line":490,"column":24}},"152":{"start":{"line":491,"column":12},"end":{"line":491,"column":90}},"153":{"start":{"line":494,"column":12},"end":{"line":496,"column":13}},"154":{"start":{"line":495,"column":16},"end":{"line":495,"column":48}},"155":{"start":{"line":506,"column":4},"end":{"line":571,"column":5}},"156":{"start":{"line":507,"column":8},"end":{"line":507,"column":29}},"157":{"start":{"line":508,"column":8},"end":{"line":508,"column":31}},"158":{"start":{"line":509,"column":8},"end":{"line":570,"column":9}},"159":{"start":{"line":510,"column":12},"end":{"line":510,"column":39}},"160":{"start":{"line":516,"column":12},"end":{"line":523,"column":18}},"161":{"start":{"line":517,"column":16},"end":{"line":517,"column":29}},"162":{"start":{"line":518,"column":16},"end":{"line":520,"column":18}},"163":{"start":{"line":519,"column":20},"end":{"line":519,"column":106}},"164":{"start":{"line":521,"column":16},"end":{"line":521,"column":37}},"165":{"start":{"line":522,"column":16},"end":{"line":522,"column":39}},"166":{"start":{"line":530,"column":12},"end":{"line":568,"column":13}},"167":{"start":{"line":531,"column":16},"end":{"line":567,"column":17}},"168":{"start":{"line":532,"column":20},"end":{"line":566,"column":25}},"169":{"start":{"line":533,"column":24},"end":{"line":533,"column":41}},"170":{"start":{"line":534,"column":24},"end":{"line":565,"column":26}},"171":{"start":{"line":535,"column":28},"end":{"line":535,"column":48}},"172":{"start":{"line":536,"column":28},"end":{"line":536,"column":50}},"173":{"start":{"line":537,"column":29},"end":{"line":553,"column":29}},"174":{"start":{"line":538,"column":32},"end":{"line":538,"column":63}},"175":{"start":{"line":539,"column":32},"end":{"line":548,"column":33}},"176":{"start":{"line":540,"column":36},"end":{"line":545,"column":38}},"177":{"start":{"line":546,"column":36},"end":{"line":546,"column":67}},"178":{"start":{"line":547,"column":36},"end":{"line":547,"column":89}},"179":{"start":{"line":550,"column":32},"end":{"line":552,"column":44}},"180":{"start":{"line":555,"column":28},"end":{"line":562,"column":29}},"181":{"start":{"line":556,"column":32},"end":{"line":556,"column":61}},"182":{"start":{"line":557,"column":32},"end":{"line":561,"column":33}},"183":{"start":{"line":558,"column":36},"end":{"line":558,"column":134}},"184":{"start":{"line":560,"column":36},"end":{"line":560,"column":127}},"185":{"start":{"line":564,"column":28},"end":{"line":564,"column":136}},"186":{"start":{"line":574,"column":0},"end":{"line":596,"column":11}},"187":{"start":{"line":579,"column":4},"end":{"line":595,"column":5}},"188":{"start":{"line":580,"column":8},"end":{"line":594,"column":10}},"189":{"start":{"line":581,"column":12},"end":{"line":581,"column":48}},"190":{"start":{"line":582,"column":12},"end":{"line":582,"column":48}},"191":{"start":{"line":583,"column":12},"end":{"line":583,"column":64}},"192":{"start":{"line":584,"column":12},"end":{"line":591,"column":21}},"193":{"start":{"line":585,"column":16},"end":{"line":585,"column":38}},"194":{"start":{"line":586,"column":16},"end":{"line":588,"column":17}},"195":{"start":{"line":587,"column":20},"end":{"line":587,"column":33}},"196":{"start":{"line":589,"column":16},"end":{"line":589,"column":88}},"197":{"start":{"line":590,"column":16},"end":{"line":590,"column":120}},"198":{"start":{"line":593,"column":12},"end":{"line":593,"column":122}},"199":{"start":{"line":599,"column":0},"end":{"line":599,"column":38}},"200":{"start":{"line":600,"column":0},"end":{"line":600,"column":42}},"201":{"start":{"line":601,"column":0},"end":{"line":601,"column":42}}},"branchMap":{"1":{"line":29,"type":"if","locations":[{"start":{"line":29,"column":0},"end":{"line":29,"column":0}},{"start":{"line":29,"column":0},"end":{"line":29,"column":0}}]},"2":{"line":70,"type":"if","locations":[{"start":{"line":70,"column":16},"end":{"line":70,"column":16}},{"start":{"line":70,"column":16},"end":{"line":70,"column":16}}]},"3":{"line":73,"type":"if","locations":[{"start":{"line":73,"column":16},"end":{"line":73,"column":16}},{"start":{"line":73,"column":16},"end":{"line":73,"column":16}}]},"4":{"line":74,"type":"if","locations":[{"start":{"line":74,"column":20},"end":{"line":74,"column":20}},{"start":{"line":74,"column":20},"end":{"line":74,"column":20}}]},"5":{"line":106,"type":"if","locations":[{"start":{"line":106,"column":4},"end":{"line":106,"column":4}},{"start":{"line":106,"column":4},"end":{"line":106,"column":4}}]},"6":{"line":145,"type":"binary-expr","locations":[{"start":{"line":145,"column":16},"end":{"line":145,"column":35}},{"start":{"line":145,"column":39},"end":{"line":145,"column":41}}]},"7":{"line":176,"type":"if","locations":[{"start":{"line":176,"column":8},"end":{"line":176,"column":8}},{"start":{"line":176,"column":8},"end":{"line":176,"column":8}}]},"8":{"line":176,"type":"binary-expr","locations":[{"start":{"line":176,"column":12},"end":{"line":176,"column":38}},{"start":{"line":176,"column":42},"end":{"line":176,"column":70}}]},"9":{"line":182,"type":"if","locations":[{"start":{"line":182,"column":8},"end":{"line":182,"column":8}},{"start":{"line":182,"column":8},"end":{"line":182,"column":8}}]},"10":{"line":182,"type":"binary-expr","locations":[{"start":{"line":182,"column":12},"end":{"line":182,"column":41}},{"start":{"line":182,"column":45},"end":{"line":182,"column":60}}]},"11":{"line":193,"type":"if","locations":[{"start":{"line":193,"column":12},"end":{"line":193,"column":12}},{"start":{"line":193,"column":12},"end":{"line":193,"column":12}}]},"12":{"line":210,"type":"if","locations":[{"start":{"line":210,"column":8},"end":{"line":210,"column":8}},{"start":{"line":210,"column":8},"end":{"line":210,"column":8}}]},"13":{"line":213,"type":"if","locations":[{"start":{"line":213,"column":8},"end":{"line":213,"column":8}},{"start":{"line":213,"column":8},"end":{"line":213,"column":8}}]},"14":{"line":232,"type":"if","locations":[{"start":{"line":232,"column":8},"end":{"line":232,"column":8}},{"start":{"line":232,"column":8},"end":{"line":232,"column":8}}]},"15":{"line":235,"type":"if","locations":[{"start":{"line":235,"column":12},"end":{"line":235,"column":12}},{"start":{"line":235,"column":12},"end":{"line":235,"column":12}}]},"16":{"line":235,"type":"binary-expr","locations":[{"start":{"line":235,"column":16},"end":{"line":235,"column":46}},{"start":{"line":235,"column":50},"end":{"line":235,"column":86}}]},"17":{"line":238,"type":"if","locations":[{"start":{"line":238,"column":16},"end":{"line":238,"column":16}},{"start":{"line":238,"column":16},"end":{"line":238,"column":16}}]},"18":{"line":238,"type":"binary-expr","locations":[{"start":{"line":238,"column":20},"end":{"line":238,"column":47}},{"start":{"line":238,"column":51},"end":{"line":238,"column":64}}]},"19":{"line":256,"type":"if","locations":[{"start":{"line":256,"column":8},"end":{"line":256,"column":8}},{"start":{"line":256,"column":8},"end":{"line":256,"column":8}}]},"20":{"line":294,"type":"if","locations":[{"start":{"line":294,"column":16},"end":{"line":294,"column":16}},{"start":{"line":294,"column":16},"end":{"line":294,"column":16}}]},"21":{"line":298,"type":"if","locations":[{"start":{"line":298,"column":16},"end":{"line":298,"column":16}},{"start":{"line":298,"column":16},"end":{"line":298,"column":16}}]},"22":{"line":303,"type":"if","locations":[{"start":{"line":303,"column":12},"end":{"line":303,"column":12}},{"start":{"line":303,"column":12},"end":{"line":303,"column":12}}]},"23":{"line":303,"type":"binary-expr","locations":[{"start":{"line":303,"column":16},"end":{"line":303,"column":49}},{"start":{"line":303,"column":53},"end":{"line":303,"column":72}}]},"24":{"line":332,"type":"cond-expr","locations":[{"start":{"line":332,"column":41},"end":{"line":332,"column":46}},{"start":{"line":332,"column":50},"end":{"line":332,"column":84}}]},"25":{"line":345,"type":"cond-expr","locations":[{"start":{"line":345,"column":47},"end":{"line":345,"column":52}},{"start":{"line":345,"column":56},"end":{"line":345,"column":90}}]},"26":{"line":367,"type":"if","locations":[{"start":{"line":367,"column":4},"end":{"line":367,"column":4}},{"start":{"line":367,"column":4},"end":{"line":367,"column":4}}]},"27":{"line":367,"type":"binary-expr","locations":[{"start":{"line":367,"column":8},"end":{"line":367,"column":47}},{"start":{"line":367,"column":51},"end":{"line":367,"column":76}}]},"28":{"line":417,"type":"if","locations":[{"start":{"line":417,"column":8},"end":{"line":417,"column":8}},{"start":{"line":417,"column":8},"end":{"line":417,"column":8}}]},"29":{"line":425,"type":"if","locations":[{"start":{"line":425,"column":12},"end":{"line":425,"column":12}},{"start":{"line":425,"column":12},"end":{"line":425,"column":12}}]},"30":{"line":426,"type":"if","locations":[{"start":{"line":426,"column":16},"end":{"line":426,"column":16}},{"start":{"line":426,"column":16},"end":{"line":426,"column":16}}]},"31":{"line":442,"type":"if","locations":[{"start":{"line":442,"column":12},"end":{"line":442,"column":12}},{"start":{"line":442,"column":12},"end":{"line":442,"column":12}}]},"32":{"line":442,"type":"binary-expr","locations":[{"start":{"line":442,"column":16},"end":{"line":442,"column":33}},{"start":{"line":442,"column":37},"end":{"line":442,"column":64}}]},"33":{"line":444,"type":"if","locations":[{"start":{"line":444,"column":16},"end":{"line":444,"column":16}},{"start":{"line":444,"column":16},"end":{"line":444,"column":16}}]},"34":{"line":449,"type":"if","locations":[{"start":{"line":449,"column":16},"end":{"line":449,"column":16}},{"start":{"line":449,"column":16},"end":{"line":449,"column":16}}]},"35":{"line":453,"type":"if","locations":[{"start":{"line":453,"column":19},"end":{"line":453,"column":19}},{"start":{"line":453,"column":19},"end":{"line":453,"column":19}}]},"36":{"line":456,"type":"if","locations":[{"start":{"line":456,"column":20},"end":{"line":456,"column":20}},{"start":{"line":456,"column":20},"end":{"line":456,"column":20}}]},"37":{"line":458,"type":"if","locations":[{"start":{"line":458,"column":24},"end":{"line":458,"column":24}},{"start":{"line":458,"column":24},"end":{"line":458,"column":24}}]},"38":{"line":473,"type":"if","locations":[{"start":{"line":473,"column":8},"end":{"line":473,"column":8}},{"start":{"line":473,"column":8},"end":{"line":473,"column":8}}]},"39":{"line":473,"type":"binary-expr","locations":[{"start":{"line":473,"column":12},"end":{"line":473,"column":27}},{"start":{"line":473,"column":31},"end":{"line":473,"column":46}}]},"40":{"line":476,"type":"if","locations":[{"start":{"line":476,"column":12},"end":{"line":476,"column":12}},{"start":{"line":476,"column":12},"end":{"line":476,"column":12}}]},"41":{"line":477,"type":"if","locations":[{"start":{"line":477,"column":16},"end":{"line":477,"column":16}},{"start":{"line":477,"column":16},"end":{"line":477,"column":16}}]},"42":{"line":494,"type":"if","locations":[{"start":{"line":494,"column":12},"end":{"line":494,"column":12}},{"start":{"line":494,"column":12},"end":{"line":494,"column":12}}]},"43":{"line":506,"type":"if","locations":[{"start":{"line":506,"column":4},"end":{"line":506,"column":4}},{"start":{"line":506,"column":4},"end":{"line":506,"column":4}}]},"44":{"line":531,"type":"if","locations":[{"start":{"line":531,"column":16},"end":{"line":531,"column":16}},{"start":{"line":531,"column":16},"end":{"line":531,"column":16}}]},"45":{"line":537,"type":"if","locations":[{"start":{"line":537,"column":29},"end":{"line":537,"column":29}},{"start":{"line":537,"column":29},"end":{"line":537,"column":29}}]},"46":{"line":539,"type":"if","locations":[{"start":{"line":539,"column":32},"end":{"line":539,"column":32}},{"start":{"line":539,"column":32},"end":{"line":539,"column":32}}]},"47":{"line":555,"type":"if","locations":[{"start":{"line":555,"column":28},"end":{"line":555,"column":28}},{"start":{"line":555,"column":28},"end":{"line":555,"column":28}}]},"48":{"line":557,"type":"if","locations":[{"start":{"line":557,"column":32},"end":{"line":557,"column":32}},{"start":{"line":557,"column":32},"end":{"line":557,"column":32}}]},"49":{"line":579,"type":"if","locations":[{"start":{"line":579,"column":4},"end":{"line":579,"column":4}},{"start":{"line":579,"column":4},"end":{"line":579,"column":4}}]},"50":{"line":586,"type":"if","locations":[{"start":{"line":586,"column":16},"end":{"line":586,"column":16}},{"start":{"line":586,"column":16},"end":{"line":586,"column":16}}]},"51":{"line":586,"type":"binary-expr","locations":[{"start":{"line":586,"column":20},"end":{"line":586,"column":48}},{"start":{"line":586,"column":52},"end":{"line":586,"column":88}}]},"52":{"line":593,"type":"cond-expr","locations":[{"start":{"line":593,"column":66},"end":{"line":593,"column":106}},{"start":{"line":593,"column":109},"end":{"line":593,"column":121}}]},"53":{"line":593,"type":"binary-expr","locations":[{"start":{"line":593,"column":19},"end":{"line":593,"column":39}},{"start":{"line":593,"column":43},"end":{"line":593,"column":63}}]},"54":{"line":593,"type":"binary-expr","locations":[{"start":{"line":593,"column":69},"end":{"line":593,"column":92}},{"start":{"line":593,"column":96},"end":{"line":593,"column":104}}]}}}}