TN:
SF:C:\Users\User\Documents\Visual Studio 2015\Projects\CampaignIntelligence\CampaignIntelligence\Content\homeworks\src\js\core\index.js
FN:40,(anonymous_1)
FN:56,(anonymous_2)
FN:60,(anonymous_3)
FN:65,(anonymous_4)
FN:101,ComponentData
FN:159,ComponentHelper
FN:174,(anonymous_7)
FN:186,(anonymous_8)
FN:209,(anonymous_9)
FN:231,(anonymous_10)
FN:254,(anonymous_11)
FN:268,(anonymous_12)
FN:284,(anonymous_13)
FN:293,(anonymous_14)
FN:318,(anonymous_15)
FN:330,(anonymous_16)
FN:343,(anonymous_17)
FN:358,ComponentMethod
FN:414,(anonymous_19)
FN:418,(anonymous_20)
FN:423,(anonymous_21)
FN:516,(anonymous_22)
FN:518,(anonymous_23)
FN:532,(anonymous_24)
FN:534,(anonymous_25)
FN:574,(anonymous_26)
FN:580,(anonymous_27)
FN:584,(anonymous_28)
FNF:28
FNH:14
FNDA:2,(anonymous_1)
FNDA:2,(anonymous_2)
FNDA:2,(anonymous_3)
FNDA:2,(anonymous_4)
FNDA:1,ComponentData
FNDA:1,ComponentHelper
FNDA:0,(anonymous_7)
FNDA:0,(anonymous_8)
FNDA:0,(anonymous_9)
FNDA:0,(anonymous_10)
FNDA:0,(anonymous_11)
FNDA:1,(anonymous_12)
FNDA:0,(anonymous_13)
FNDA:0,(anonymous_14)
FNDA:0,(anonymous_15)
FNDA:0,(anonymous_16)
FNDA:0,(anonymous_17)
FNDA:1,ComponentMethod
FNDA:1,(anonymous_19)
FNDA:1,(anonymous_20)
FNDA:1,(anonymous_21)
FNDA:1,(anonymous_22)
FNDA:1,(anonymous_23)
FNDA:0,(anonymous_24)
FNDA:0,(anonymous_25)
FNDA:1,(anonymous_26)
FNDA:0,(anonymous_27)
FNDA:0,(anonymous_28)
DA:27,1
DA:28,1
DA:29,1
DA:30,0
DA:33,1
DA:34,1
DA:40,1
DA:41,2
DA:42,2
DA:43,2
DA:44,2
DA:46,2
DA:47,2
DA:49,2
DA:56,1
DA:57,2
DA:59,2
DA:60,2
DA:61,2
DA:63,2
DA:66,2
DA:67,2
DA:68,2
DA:70,2
DA:71,0
DA:73,2
DA:74,2
DA:75,0
DA:77,2
DA:83,0
DA:101,1
DA:106,1
DA:107,1
DA:126,1
DA:147,1
DA:159,1
DA:174,1
DA:175,0
DA:176,0
DA:177,0
DA:178,0
DA:179,0
DA:182,0
DA:183,0
DA:186,0
DA:187,0
DA:188,0
DA:190,0
DA:193,0
DA:194,0
DA:197,0
DA:209,1
DA:210,0
DA:211,0
DA:213,0
DA:214,0
DA:215,0
DA:216,0
DA:218,0
DA:221,0
DA:231,1
DA:232,0
DA:233,0
DA:235,0
DA:236,0
DA:238,0
DA:239,0
DA:242,0
DA:254,1
DA:255,0
DA:256,0
DA:257,0
DA:258,0
DA:260,0
DA:268,1
DA:269,1
DA:270,1
DA:271,1
DA:272,1
DA:284,1
DA:285,0
DA:286,0
DA:287,0
DA:288,0
DA:291,0
DA:293,0
DA:294,0
DA:295,0
DA:298,0
DA:299,0
DA:303,0
DA:304,0
DA:307,0
DA:318,1
DA:319,0
DA:330,1
DA:331,0
DA:332,0
DA:343,1
DA:344,0
DA:345,0
DA:358,1
DA:363,1
DA:365,1
DA:367,1
DA:368,0
DA:375,1
DA:381,1
DA:389,1
DA:396,1
DA:399,1
DA:400,1
DA:401,1
DA:414,1
DA:415,1
DA:416,1
DA:417,1
DA:418,1
DA:419,1
DA:423,1
DA:424,1
DA:425,1
DA:426,1
DA:427,1
DA:433,1
DA:434,1
DA:438,1
DA:442,1
DA:444,1
DA:446,1
DA:449,1
DA:450,1
DA:451,1
DA:453,0
DA:455,0
DA:456,0
DA:457,0
DA:458,0
DA:459,0
DA:461,0
DA:464,0
DA:466,0
DA:469,0
DA:473,1
DA:475,0
DA:476,0
DA:477,0
DA:478,0
DA:484,0
DA:485,0
DA:488,0
DA:491,0
DA:494,1
DA:495,1
DA:506,1
DA:507,1
DA:508,1
DA:509,1
DA:510,1
DA:516,1
DA:517,1
DA:518,1
DA:519,1
DA:521,1
DA:522,1
DA:530,1
DA:531,1
DA:532,0
DA:533,0
DA:534,0
DA:535,0
DA:536,0
DA:537,0
DA:538,0
DA:539,0
DA:540,0
DA:546,0
DA:547,0
DA:550,0
DA:555,0
DA:556,0
DA:557,0
DA:558,0
DA:560,0
DA:564,0
DA:574,1
DA:579,1
DA:580,1
DA:581,0
DA:582,0
DA:583,0
DA:584,0
DA:585,0
DA:586,0
DA:587,0
DA:589,0
DA:590,0
DA:593,0
DA:599,1
DA:600,1
DA:601,1
LF:201
LH:98
BRDA:29,1,0,0
BRDA:29,1,1,1
BRDA:70,2,0,0
BRDA:70,2,1,2
BRDA:73,3,0,2
BRDA:73,3,1,0
BRDA:74,4,0,0
BRDA:74,4,1,2
BRDA:106,5,0,1
BRDA:106,5,1,0
BRDA:145,6,0,1
BRDA:145,6,1,0
BRDA:176,7,0,0
BRDA:176,7,1,0
BRDA:176,8,0,0
BRDA:176,8,1,0
BRDA:182,9,0,0
BRDA:182,9,1,0
BRDA:182,10,0,0
BRDA:182,10,1,0
BRDA:193,11,0,0
BRDA:193,11,1,0
BRDA:210,12,0,0
BRDA:210,12,1,0
BRDA:213,13,0,0
BRDA:213,13,1,0
BRDA:232,14,0,0
BRDA:232,14,1,0
BRDA:235,15,0,0
BRDA:235,15,1,0
BRDA:235,16,0,0
BRDA:235,16,1,0
BRDA:238,17,0,0
BRDA:238,17,1,0
BRDA:238,18,0,0
BRDA:238,18,1,0
BRDA:256,19,0,0
BRDA:256,19,1,0
BRDA:294,20,0,0
BRDA:294,20,1,0
BRDA:298,21,0,0
BRDA:298,21,1,0
BRDA:303,22,0,0
BRDA:303,22,1,0
BRDA:303,23,0,0
BRDA:303,23,1,0
BRDA:332,24,0,0
BRDA:332,24,1,0
BRDA:345,25,0,0
BRDA:345,25,1,0
BRDA:367,26,0,0
BRDA:367,26,1,1
BRDA:367,27,0,1
BRDA:367,27,1,0
BRDA:417,28,0,1
BRDA:417,28,1,0
BRDA:425,29,0,1
BRDA:425,29,1,0
BRDA:426,30,0,1
BRDA:426,30,1,0
BRDA:442,31,0,1
BRDA:442,31,1,0
BRDA:442,32,0,1
BRDA:442,32,1,1
BRDA:444,33,0,1
BRDA:444,33,1,0
BRDA:449,34,0,1
BRDA:449,34,1,0
BRDA:453,35,0,0
BRDA:453,35,1,0
BRDA:456,36,0,0
BRDA:456,36,1,0
BRDA:458,37,0,0
BRDA:458,37,1,0
BRDA:473,38,0,0
BRDA:473,38,1,1
BRDA:473,39,0,1
BRDA:473,39,1,1
BRDA:476,40,0,0
BRDA:476,40,1,0
BRDA:477,41,0,0
BRDA:477,41,1,0
BRDA:494,42,0,1
BRDA:494,42,1,0
BRDA:506,43,0,1
BRDA:506,43,1,0
BRDA:531,44,0,0
BRDA:531,44,1,1
BRDA:537,45,0,0
BRDA:537,45,1,0
BRDA:539,46,0,0
BRDA:539,46,1,0
BRDA:555,47,0,0
BRDA:555,47,1,0
BRDA:557,48,0,0
BRDA:557,48,1,0
BRDA:579,49,0,1
BRDA:579,49,1,0
BRDA:586,50,0,0
BRDA:586,50,1,0
BRDA:586,51,0,0
BRDA:586,51,1,0
BRDA:593,52,0,0
BRDA:593,52,1,0
BRDA:593,53,0,0
BRDA:593,53,1,0
BRDA:593,54,0,0
BRDA:593,54,1,0
BRF:108
BRH:23
end_of_record
