TN:
SF:C:\Users\User\Documents\Visual Studio 2017\Projects\CampaignIntelligence\CampaignIntelligence\Content\homeworks\src\js\core\utils\prototype.js
FN:1,(anonymous_1)
FN:6,(anonymous_2)
FN:22,(anonymous_3)
FN:41,(anonymous_4)
FN:45,(anonymous_5)
FN:51,(anonymous_6)
FNF:6
FNH:6
FNDA:1,(anonymous_1)
FNDA:7,(anonymous_2)
FNDA:2,(anonymous_3)
FNDA:5,(anonymous_4)
FNDA:5,(anonymous_5)
FNDA:5,(anonymous_6)
DA:1,1
DA:6,1
DA:7,7
DA:8,7
DA:9,14
DA:10,14
DA:12,14
DA:13,14
DA:15,7
DA:22,1
DA:23,2
DA:25,2
DA:26,0
DA:29,2
DA:30,4
DA:31,4
DA:32,4
DA:34,2
DA:41,1
DA:42,5
DA:44,5
DA:45,5
DA:46,5
DA:48,5
DA:52,5
DA:53,5
DA:54,5
DA:56,5
DA:57,1
DA:59,4
DA:60,4
DA:61,0
DA:63,4
DA:68,5
DA:69,1
DA:73,0
DA:75,0
DA:76,0
LF:38
LH:33
BRDA:25,1,0,0
BRDA:25,1,1,2
BRDA:25,2,0,2
BRDA:25,2,1,2
BRDA:25,2,2,2
BRDA:56,3,0,1
BRDA:56,3,1,4
BRDA:59,4,0,4
BRDA:59,4,1,0
BRDA:60,5,0,0
BRDA:60,5,1,4
BRDA:68,6,0,1
BRDA:68,6,1,4
BRDA:75,7,0,0
BRDA:75,7,1,0
BRF:15
BRH:10
end_of_record
TN:
SF:C:\Users\User\Documents\Visual Studio 2017\Projects\CampaignIntelligence\CampaignIntelligence\Content\homeworks\src\js\core\models\index.js
FN:1,(anonymous_1)
FNF:1
FNH:1
FNDA:1,(anonymous_1)
DA:1,1
DA:2,1
DA:4,1
DA:14,1
DA:15,0
DA:18,1
LF:6
LH:5
BRDA:14,1,0,0
BRDA:14,1,1,1
BRF:2
BRH:1
end_of_record
TN:
SF:C:\Users\User\Documents\Visual Studio 2017\Projects\CampaignIntelligence\CampaignIntelligence\Content\homeworks\src\js\core\utils\method.js
FN:1,(anonymous_1)
FN:16,(anonymous_2)
FN:72,(anonymous_3)
FN:76,(anonymous_4)
FN:81,(anonymous_5)
FN:180,(anonymous_6)
FN:182,(anonymous_7)
FN:197,(anonymous_8)
FN:200,(anonymous_9)
FNF:9
FNH:7
FNDA:1,(anonymous_1)
FNDA:1,(anonymous_2)
FNDA:1,(anonymous_3)
FNDA:1,(anonymous_4)
FNDA:1,(anonymous_5)
FNDA:1,(anonymous_6)
FNDA:1,(anonymous_7)
FNDA:0,(anonymous_8)
FNDA:0,(anonymous_9)
DA:1,1
DA:5,1
DA:16,1
DA:21,1
DA:23,1
DA:25,1
DA:26,1
DA:33,1
DA:39,1
DA:47,1
DA:54,1
DA:57,1
DA:58,1
DA:59,1
DA:72,1
DA:73,1
DA:74,1
DA:75,1
DA:76,1
DA:77,1
DA:81,1
DA:82,1
DA:83,1
DA:85,1
DA:86,1
DA:88,1
DA:90,1
DA:91,1
DA:97,1
DA:100,1
DA:104,1
DA:106,1
DA:108,1
DA:111,1
DA:112,1
DA:113,1
DA:115,0
DA:117,0
DA:118,0
DA:119,0
DA:120,0
DA:121,0
DA:123,0
DA:126,0
DA:128,0
DA:131,0
DA:133,1
DA:136,1
DA:138,0
DA:139,0
DA:142,0
DA:143,0
DA:144,0
DA:150,0
DA:151,0
DA:153,0
DA:156,0
DA:159,1
DA:160,1
DA:171,1
DA:172,1
DA:173,1
DA:175,1
DA:180,1
DA:181,1
DA:182,1
DA:183,1
DA:186,1
DA:187,1
DA:195,1
DA:196,1
DA:197,0
DA:198,0
DA:199,0
DA:200,0
DA:201,0
DA:202,0
DA:204,0
DA:205,0
DA:208,0
DA:209,0
DA:210,0
DA:216,0
DA:217,0
DA:220,0
DA:224,0
DA:225,0
DA:226,0
DA:227,0
DA:229,0
DA:233,0
DA:242,1
LF:92
LH:53
BRDA:25,1,0,1
BRDA:25,1,1,0
BRDA:25,2,0,1
BRDA:25,2,1,1
BRDA:75,3,0,1
BRDA:75,3,1,0
BRDA:85,4,0,1
BRDA:85,4,1,0
BRDA:90,5,0,1
BRDA:90,5,1,0
BRDA:104,6,0,1
BRDA:104,6,1,0
BRDA:104,7,0,1
BRDA:104,7,1,1
BRDA:106,8,0,1
BRDA:106,8,1,0
BRDA:111,9,0,1
BRDA:111,9,1,0
BRDA:115,10,0,0
BRDA:115,10,1,0
BRDA:118,11,0,0
BRDA:118,11,1,0
BRDA:120,12,0,0
BRDA:120,12,1,0
BRDA:136,13,0,0
BRDA:136,13,1,1
BRDA:136,14,0,1
BRDA:136,14,1,1
BRDA:138,15,0,0
BRDA:138,15,1,0
BRDA:143,16,0,0
BRDA:143,16,1,0
BRDA:159,17,0,1
BRDA:159,17,1,0
BRDA:171,18,0,1
BRDA:171,18,1,0
BRDA:196,19,0,0
BRDA:196,19,1,1
BRDA:204,20,0,0
BRDA:204,20,1,0
BRDA:209,21,0,0
BRDA:209,21,1,0
BRDA:224,22,0,0
BRDA:224,22,1,0
BRDA:226,23,0,0
BRDA:226,23,1,0
BRF:46
BRH:17
end_of_record
TN:
SF:C:\Users\User\Documents\Visual Studio 2017\Projects\CampaignIntelligence\CampaignIntelligence\Content\homeworks\src\js\core\utils\data.js
FN:1,(anonymous_1)
FN:16,(anonymous_2)
FNF:2
FNH:2
FNDA:1,(anonymous_1)
FNDA:1,(anonymous_2)
DA:1,1
DA:5,1
DA:16,1
DA:21,1
DA:22,1
DA:41,1
DA:60,1
DA:62,1
LF:8
LH:8
BRDA:21,1,0,1
BRDA:21,1,1,0
BRDA:58,2,0,1
BRDA:58,2,1,1
BRF:4
BRH:3
end_of_record
TN:
SF:C:\Users\User\Documents\Visual Studio 2017\Projects\CampaignIntelligence\CampaignIntelligence\Content\homeworks\src\js\core\utils\helper.js
FN:1,(anonymous_1)
FN:16,(anonymous_2)
FN:28,(anonymous_3)
FN:47,(anonymous_4)
FN:59,(anonymous_5)
FN:83,(anonymous_6)
FN:106,(anonymous_7)
FN:129,(anonymous_8)
FN:143,(anonymous_9)
FN:159,(anonymous_10)
FN:168,(anonymous_11)
FN:195,(anonymous_12)
FN:207,(anonymous_13)
FN:220,(anonymous_14)
FNF:14
FNH:3
FNDA:1,(anonymous_1)
FNDA:1,(anonymous_2)
FNDA:0,(anonymous_3)
FNDA:0,(anonymous_4)
FNDA:0,(anonymous_5)
FNDA:0,(anonymous_6)
FNDA:0,(anonymous_7)
FNDA:0,(anonymous_8)
FNDA:1,(anonymous_9)
FNDA:0,(anonymous_10)
FNDA:0,(anonymous_11)
FNDA:0,(anonymous_12)
FNDA:0,(anonymous_13)
FNDA:0,(anonymous_14)
DA:1,1
DA:5,1
DA:16,1
DA:28,1
DA:29,0
DA:30,0
DA:31,0
DA:32,0
DA:33,0
DA:35,0
DA:47,1
DA:48,0
DA:49,0
DA:50,0
DA:51,0
DA:52,0
DA:55,0
DA:56,0
DA:59,0
DA:60,0
DA:61,0
DA:63,0
DA:66,0
DA:67,0
DA:71,0
DA:83,1
DA:84,0
DA:85,0
DA:88,0
DA:89,0
DA:90,0
DA:91,0
DA:93,0
DA:96,0
DA:106,1
DA:107,0
DA:108,0
DA:110,0
DA:111,0
DA:113,0
DA:114,0
DA:117,0
DA:129,1
DA:130,0
DA:131,0
DA:132,0
DA:133,0
DA:135,0
DA:143,1
DA:144,1
DA:145,1
DA:146,1
DA:147,1
DA:159,1
DA:160,0
DA:161,0
DA:162,0
DA:163,0
DA:166,0
DA:168,0
DA:169,0
DA:170,0
DA:173,0
DA:174,0
DA:178,0
DA:179,0
DA:184,0
DA:195,1
DA:196,0
DA:207,1
DA:208,0
DA:209,0
DA:220,1
DA:221,0
DA:222,0
DA:225,1
LF:76
LH:18
BRDA:29,1,0,0
BRDA:29,1,1,0
BRDA:49,2,0,0
BRDA:49,2,1,0
BRDA:49,3,0,0
BRDA:49,3,1,0
BRDA:55,4,0,0
BRDA:55,4,1,0
BRDA:55,5,0,0
BRDA:55,5,1,0
BRDA:66,6,0,0
BRDA:66,6,1,0
BRDA:84,7,0,0
BRDA:84,7,1,0
BRDA:84,8,0,0
BRDA:84,8,1,0
BRDA:88,9,0,0
BRDA:88,9,1,0
BRDA:107,10,0,0
BRDA:107,10,1,0
BRDA:110,11,0,0
BRDA:110,11,1,0
BRDA:110,12,0,0
BRDA:110,12,1,0
BRDA:113,13,0,0
BRDA:113,13,1,0
BRDA:113,14,0,0
BRDA:113,14,1,0
BRDA:131,15,0,0
BRDA:131,15,1,0
BRDA:169,16,0,0
BRDA:169,16,1,0
BRDA:173,17,0,0
BRDA:173,17,1,0
BRDA:178,18,0,0
BRDA:178,18,1,0
BRDA:178,19,0,0
BRDA:178,19,1,0
BRDA:209,20,0,0
BRDA:209,20,1,0
BRDA:222,21,0,0
BRDA:222,21,1,0
BRF:42
BRH:0
end_of_record
